#
# There is insufficient memory for the Java Runtime Environment to continue.
# Native memory allocation (mmap) failed to map 134217728 bytes for G1 virtual space
# Possible reasons:
#   The system is out of physical RAM or swap space
#   The process is running with CompressedOops enabled, and the Java Heap may be blocking the growth of the native heap
# Possible solutions:
#   Reduce memory load on the system
#   Increase physical memory or swap space
#   Check if swap backing store is full
#   Decrease Java heap size (-Xmx/-Xms)
#   Decrease number of Java threads
#   Decrease Java thread stack sizes (-Xss)
#   Set larger code cache with -XX:ReservedCodeCacheSize=
#   JVM is running with Unscaled Compressed Oops mode in which the Java heap is
#     placed in the first 4GB address space. The Java Heap base address is the
#     maximum limit for the native heap growth. Please use -XX:HeapBaseMinAddress
#     to set the Java Heap base and to place the Java Heap above 4GB virtual address.
# This output file may be truncated or incomplete.
#
#  Out of Memory Error (os_windows.cpp:3825), pid=13892, tid=18880
#
# JRE version:  (17.0.10+10) (build )
# Java VM: OpenJDK 64-Bit Server VM (17.0.10+10-b829.26, mixed mode, sharing, tiered, compressed oops, compressed class ptrs, g1 gc, windows-amd64)
# No core dump will be written. Minidumps are not enabled by default on client versions of Windows
#

---------------  S U M M A R Y ------------

Command Line: git4idea.http.GitAskPassApp Username for 'https://github.com': 

Host: Intel(R) Core(TM) i5-2400 CPU @ 3.10GHz, 4 cores, 7G,  Windows 10 , 64 bit Build 19041 (10.0.19041.4597)
Time: Fri Aug  9 15:51:52 2024 FLE Daylight Time elapsed time: 0.020983 seconds (0d 0h 0m 0s)

---------------  T H R E A D  ---------------

Current thread (0x00000241ff752180):  JavaThread "Unknown thread" [_thread_in_vm, id=18880, stack(0x0000006ec5200000,0x0000006ec5300000)]

Stack: [0x0000006ec5200000,0x0000006ec5300000]
Native frames: (J=compiled Java code, j=interpreted, Vv=VM code, C=native code)
V  [jvm.dll+0x688b99]
V  [jvm.dll+0x84161a]
V  [jvm.dll+0x84313e]
V  [jvm.dll+0x8437a3]
V  [jvm.dll+0x24ba8f]
V  [jvm.dll+0x685969]
V  [jvm.dll+0x67a21a]
V  [jvm.dll+0x30c7eb]
V  [jvm.dll+0x313c96]
V  [jvm.dll+0x363a2e]
V  [jvm.dll+0x363c5f]
V  [jvm.dll+0x2e25b8]
V  [jvm.dll+0x2e3524]
V  [jvm.dll+0x812e21]
V  [jvm.dll+0x3718e1]
V  [jvm.dll+0x7f1986]
V  [jvm.dll+0x3f553f]
V  [jvm.dll+0x3f7171]
C  [jli.dll+0x528f]
C  [ucrtbase.dll+0x21bb2]
C  [KERNEL32.DLL+0x17374]
C  [ntdll.dll+0x4cc91]


---------------  P R O C E S S  ---------------

Threads class SMR info:
_java_thread_list=0x00007ff80271df58, length=0, elements={
}

Java Threads: ( => current thread )

Other Threads:
  0x00000241ff7acd90 GCTaskThread "GC Thread#0" [stack: 0x0000006ec5300000,0x0000006ec5400000] [id=13300]
  0x00000241ff7bd870 ConcurrentGCThread "G1 Main Marker" [stack: 0x0000006ec5400000,0x0000006ec5500000] [id=7452]
  0x00000241ff7bedb0 ConcurrentGCThread "G1 Conc#0" [stack: 0x0000006ec5500000,0x0000006ec5600000] [id=15704]

[error occurred during error reporting (printing all threads), id 0xc0000005, EXCEPTION_ACCESS_VIOLATION (0xc0000005) at pc=0x00007ff801ed3187]

VM state: not at safepoint (not fully initialized)

VM Mutex/Monitor currently owned by a thread:  ([mutex/lock_event])
[0x00000241ff74c2e0] Heap_lock - owner thread: 0x00000241ff752180

Heap address: 0x0000000081c00000, size: 2020 MB, Compressed Oops mode: 32-bit

CDS archive(s) mapped at: [0x0000000000000000-0x0000000000000000-0x0000000000000000), size 0, SharedBaseAddress: 0x0000000800000000, ArchiveRelocationMode: 1.
Narrow klass base: 0x0000000000000000, Narrow klass shift: 0, Narrow klass range: 0x0

GC Precious Log:
<Empty>

Heap:
 garbage-first heap   total 0K, used 0K [0x0000000081c00000, 0x0000000100000000)
  region size 1024K, 0 young (0K), 0 survivors (0K)

[error occurred during error reporting (printing heap information), id 0xc0000005, EXCEPTION_ACCESS_VIOLATION (0xc0000005) at pc=0x00007ff8022c31d9]

GC Heap History (0 events):
No events

Dll operation events (1 events):
Event: 0.013 Loaded shared library C:\Program Files\JetBrains\IntelliJ IDEA Community Edition 2023.1.2\jbr\bin\java.dll

Deoptimization events (0 events):
No events

Classes unloaded (0 events):
No events

Classes redefined (0 events):
No events

Internal exceptions (0 events):
No events

VM Operations (0 events):
No events

Events (0 events):
No events


Dynamic libraries:
0x00007ff6c0d00000 - 0x00007ff6c0d0a000 	C:\Program Files\JetBrains\IntelliJ IDEA Community Edition 2023.1.2\jbr\bin\java.exe
0x00007ff87fa10000 - 0x00007ff87fc08000 	C:\Windows\SYSTEM32\ntdll.dll
0x00007ff87e2f0000 - 0x00007ff87e3b1000 	C:\Windows\System32\KERNEL32.DLL
0x00007ff87d6a0000 - 0x00007ff87d996000 	C:\Windows\System32\KERNELBASE.dll
0x00007ff87d440000 - 0x00007ff87d540000 	C:\Windows\System32\ucrtbase.dll
0x00007ff86eb70000 - 0x00007ff86eb8b000 	C:\Program Files\JetBrains\IntelliJ IDEA Community Edition 2023.1.2\jbr\bin\VCRUNTIME140.dll
0x00007ff8633d0000 - 0x00007ff8633e7000 	C:\Program Files\JetBrains\IntelliJ IDEA Community Edition 2023.1.2\jbr\bin\jli.dll
0x00007ff87dff0000 - 0x00007ff87e18f000 	C:\Windows\System32\USER32.dll
0x00007ff87d9a0000 - 0x00007ff87d9c2000 	C:\Windows\System32\win32u.dll
0x00007ff87e2c0000 - 0x00007ff87e2eb000 	C:\Windows\System32\GDI32.dll
0x00007ff87d150000 - 0x00007ff87d267000 	C:\Windows\System32\gdi32full.dll
0x00007ff86c3f0000 - 0x00007ff86c68a000 	C:\Windows\WinSxS\amd64_microsoft.windows.common-controls_6595b64144ccf1df_6.0.19041.4355_none_60b8b9eb71f62e16\COMCTL32.dll
0x00007ff87d3a0000 - 0x00007ff87d43d000 	C:\Windows\System32\msvcp_win.dll
0x00007ff87efe0000 - 0x00007ff87f07e000 	C:\Windows\System32\msvcrt.dll
0x00007ff87dc50000 - 0x00007ff87dc7f000 	C:\Windows\System32\IMM32.DLL
0x0000000074870000 - 0x000000007487c000 	C:\Program Files (x86)\360\Total Security\safemon\SafeWrapper.dll
0x00007ff87de90000 - 0x00007ff87df40000 	C:\Windows\System32\ADVAPI32.dll
0x00007ff87e3c0000 - 0x00007ff87e460000 	C:\Windows\System32\sechost.dll
0x00007ff87e190000 - 0x00007ff87e2b3000 	C:\Windows\System32\RPCRT4.dll
0x00007ff87d2c0000 - 0x00007ff87d2e7000 	C:\Windows\System32\bcrypt.dll
0x00007ff8675e0000 - 0x00007ff867672000 	C:\Program Files (x86)\360\Total Security\safemon\libzdtp64.dll
0x00007ff87f080000 - 0x00007ff87f7ec000 	C:\Windows\System32\SHELL32.dll
0x00007ff87ed10000 - 0x00007ff87ed65000 	C:\Windows\System32\SHLWAPI.dll
0x00007ff87cc30000 - 0x00007ff87cc3a000 	C:\Windows\SYSTEM32\VERSION.dll
0x00007ff87a6d0000 - 0x00007ff87a6dc000 	C:\Program Files\JetBrains\IntelliJ IDEA Community Edition 2023.1.2\jbr\bin\vcruntime140_1.dll
0x00007ff8557a0000 - 0x00007ff85582d000 	C:\Program Files\JetBrains\IntelliJ IDEA Community Edition 2023.1.2\jbr\bin\msvcp140.dll
0x00007ff801be0000 - 0x00007ff802852000 	C:\Program Files\JetBrains\IntelliJ IDEA Community Edition 2023.1.2\jbr\bin\server\jvm.dll
0x00007ff87cac0000 - 0x00007ff87cb0b000 	C:\Windows\SYSTEM32\POWRPROF.dll
0x00007ff874f30000 - 0x00007ff874f39000 	C:\Windows\SYSTEM32\WSOCK32.dll
0x00007ff87e8d0000 - 0x00007ff87e93b000 	C:\Windows\System32\WS2_32.dll
0x00007ff871f80000 - 0x00007ff871fa7000 	C:\Windows\SYSTEM32\WINMM.dll
0x00007ff87caa0000 - 0x00007ff87cab2000 	C:\Windows\SYSTEM32\UMPDC.dll
0x00007ff87aef0000 - 0x00007ff87af02000 	C:\Windows\SYSTEM32\kernel.appcore.dll
0x00007ff873ad0000 - 0x00007ff873ada000 	C:\Program Files\JetBrains\IntelliJ IDEA Community Edition 2023.1.2\jbr\bin\jimage.dll
0x00007ff8779c0000 - 0x00007ff877ba4000 	C:\Windows\SYSTEM32\DBGHELP.DLL
0x00007ff877980000 - 0x00007ff8779b4000 	C:\Windows\SYSTEM32\dbgcore.DLL
0x00007ff87d0c0000 - 0x00007ff87d142000 	C:\Windows\System32\bcryptPrimitives.dll
0x00007ff866a50000 - 0x00007ff866a75000 	C:\Program Files\JetBrains\IntelliJ IDEA Community Edition 2023.1.2\jbr\bin\java.dll

dbghelp: loaded successfully - version: 4.0.5 - missing functions: none
symbol engine: initialized successfully - sym options: 0x614 - pdb path: .;C:\Program Files\JetBrains\IntelliJ IDEA Community Edition 2023.1.2\jbr\bin;C:\Windows\SYSTEM32;C:\Windows\WinSxS\amd64_microsoft.windows.common-controls_6595b64144ccf1df_6.0.19041.4355_none_60b8b9eb71f62e16;C:\Program Files (x86)\360\Total Security\safemon;C:\Program Files\JetBrains\IntelliJ IDEA Community Edition 2023.1.2\jbr\bin\server

VM Arguments:
java_command: git4idea.http.GitAskPassApp Username for 'https://github.com': 
java_class_path (initial): C:/Program Files/JetBrains/IntelliJ IDEA Community Edition 2023.1.2/plugins/vcs-git/lib/git4idea-rt.jar;C:/Program Files/JetBrains/IntelliJ IDEA Community Edition 2023.1.2/lib/externalProcess-rt.jar
Launcher Type: SUN_STANDARD

[Global flags]
     intx CICompilerCount                          = 3                                         {product} {ergonomic}
     uint ConcGCThreads                            = 1                                         {product} {ergonomic}
     uint G1ConcRefinementThreads                  = 4                                         {product} {ergonomic}
   size_t G1HeapRegionSize                         = 1048576                                   {product} {ergonomic}
    uintx GCDrainStackTargetSize                   = 64                                        {product} {ergonomic}
   size_t InitialHeapSize                          = 134217728                                 {product} {ergonomic}
   size_t MarkStackSize                            = 4194304                                   {product} {ergonomic}
   size_t MaxHeapSize                              = 2118123520                                {product} {ergonomic}
   size_t MinHeapDeltaBytes                        = 1048576                                   {product} {ergonomic}
   size_t MinHeapSize                              = 8388608                                   {product} {ergonomic}
    uintx NonNMethodCodeHeapSize                   = 5832780                                {pd product} {ergonomic}
    uintx NonProfiledCodeHeapSize                  = 122912730                              {pd product} {ergonomic}
    uintx ProfiledCodeHeapSize                     = 122912730                              {pd product} {ergonomic}
    uintx ReservedCodeCacheSize                    = 251658240                              {pd product} {ergonomic}
     bool SegmentedCodeCache                       = true                                      {product} {ergonomic}
   size_t SoftMaxHeapSize                          = 2118123520                             {manageable} {ergonomic}
     bool UseCompressedClassPointers               = true                           {product lp64_product} {ergonomic}
     bool UseCompressedOops                        = true                           {product lp64_product} {ergonomic}
     bool UseG1GC                                  = true                                      {product} {ergonomic}
     bool UseLargePagesIndividualAllocation        = false                                  {pd product} {ergonomic}

Logging:
Log output configuration:
 #0: stdout all=warning uptime,level,tags
 #1: stderr all=off uptime,level,tags

Environment Variables:
PATH=C:/Program Files/Git/mingw64/libexec/git-core;C:/Program Files/Git/mingw64/libexec/git-core;C:\Program Files\Git\mingw64\bin;C:\Program Files\Git\usr\bin;C:\Users\Office\bin;C:\Program Files\Common Files\Oracle\Java\javapath;C:\Program Files (x86)\Common Files\Oracle\Java\java8path;C:\Program Files (x86)\Common Files\Oracle\Java\javapath;C:\Windows\system32;C:\Windows;C:\Windows\System32\Wbem;C:\Windows\System32\WindowsPowerShell\v1.0\;C:\Windows\System32\OpenSSH\;C:\Program Files (x86)\Intel\OpenCL SDK\2.0\bin\x86;C:\Program Files (x86)\Intel\OpenCL SDK\2.0\bin\x64;C:\Program Files\SafeNet\Authentication\SAC\x64;C:\Program Files\SafeNet\Authentication\SAC\x32;C:\Program Files\nodejs\;C:\Program Files (x86)\Microsoft SQL Server\160\Tools\Binn\;C:\Program Files\Microsoft SQL Server\160\Tools\Binn\;C:\Program Files\Microsoft SQL Server\Client SDK\ODBC\170\Tools\Binn\;C:\Program Files\Microsoft SQL Server\160\DTS\Binn\;C:\Program Files\Git\cmd;C:\Users\Office\AppData\Local\Microsoft\WindowsApps;C:\Users\Office\AppData\Local\Programs\Microsoft VS Code\bin;C:\Users\Office\AppData\Roaming\npm;C:\Users\Office\AppData\Local\GitHubDesktop\bin
USERNAME=Office
DISPLAY=:0.0
LC_ALL=en_US.UTF-8
TERM=xterm-256color
TMPDIR=C:\Users\Office\AppData\Local\Temp
OS=Windows_NT
PROCESSOR_IDENTIFIER=Intel64 Family 6 Model 42 Stepping 7, GenuineIntel
TMP=C:\Users\Office\AppData\Local\Temp
TEMP=C:\Users\Office\AppData\Local\Temp



Periodic native trim disabled

JNI global refs:

[error occurred during error reporting (JNI global references), id 0xc0000005, EXCEPTION_ACCESS_VIOLATION (0xc0000005) at pc=0x00007ff801c982f0]


---------------  S Y S T E M  ---------------

OS:
 Windows 10 , 64 bit Build 19041 (10.0.19041.4597)
OS uptime: 3 days 4:19 hours

CPU: total 4 (initial active 4) (4 cores per cpu, 1 threads per core) family 6 model 42 stepping 7 microcode 0x2f, cx8, cmov, fxsr, mmx, sse, sse2, sse3, ssse3, sse4.1, sse4.2, popcnt, tsc, tscinvbit, avx, aes, clmul, vzeroupper, clflush
Processor Information for all 4 processors :
  Max Mhz: 3101, Current Mhz: 3101, Mhz Limit: 3101

Memory: 4k page, system-wide physical 8073M (1208M free)
TotalPageFile size 13193M (AvailPageFile size 112M)
current process WorkingSet (physical memory assigned to process): 11M, peak: 11M
current process commit charge ("private bytes"): 52M, peak: 180M

vm_info: OpenJDK 64-Bit Server VM (17.0.10+10-b829.26) for windows-amd64 JRE (17.0.10+10-b829.26), built on 2024-01-26 by "builduser" with MS VC++ 16.10 / 16.11 (VS2019)

END.
